<?xml version="1.0" encoding="UTF-8"?>
<!-- Generated by org.testng.reporters.JUnitReportReporter -->
<testsuite hostname="Lenovo-PC" name="com.TestCases.TC_Login_001" tests="1" failures="0" timestamp="8 Aug 2019 09:17:16 GMT" time="6.038" errors="0">
  <testcase name="verifyLogin" time="6.038" classname="com.TestCases.TC_Login_001"/>
</testsuite> <!-- com.TestCases.TC_Login_001 -->
